<?xml version="1.0" encoding="UTF-8"?>
<!-- Generated by org.testng.reporters.JUnitReportReporter -->
<testsuite hostname="Dreamrider" failures="0" tests="2" name="testScripts.BookHotelPageTest" time="48.619" errors="0" timestamp="2024-04-02T12:28:01 IST" skipped="0">
  <testcase classname="testScripts.BookHotelPageTest" name="verifyBookNowButton" time="25.142"/>
  <system-out/>
  <testcase classname="testScripts.BookHotelPageTest" name="verifyCancelButton" time="23.477"/>
  <system-out/>
</testsuite> <!-- testScripts.BookHotelPageTest -->
