<?xml version="1.0" encoding="UTF-8"?>
<!-- Generated by org.testng.reporters.JUnitReportReporter -->
<testsuite hostname="Dreamrider" failures="0" tests="4" name="testScripts.TestClass" time="0.020" errors="0" timestamp="2024-03-26T10:30:39 IST" skipped="0">
  <testcase classname="testScripts.TestClass" name="testD" time="0.006"/>
  <system-out/>
  <testcase classname="testScripts.TestClass" name="testA" time="0.003"/>
  <system-out/>
  <testcase classname="testScripts.TestClass" name="testB" time="0.008"/>
  <system-out/>
  <testcase classname="testScripts.TestClass" name="testC" time="0.003"/>
  <system-out/>
</testsuite> <!-- testScripts.TestClass -->
