<?xml version="1.0" encoding="UTF-8"?>
<!-- Generated by org.testng.reporters.JUnitReportReporter -->
<testsuite hostname="Dreamrider" failures="0" tests="2" name="testScripts.LoginPageTest" time="26.574" errors="0" timestamp="2024-04-10T17:41:39 IST" skipped="0">
  <testcase classname="testScripts.LoginPageTest" name="verifyLoginbutton" time="7.468"/>
  <system-out/>
  <testcase classname="testScripts.LoginPageTest" name="verifyLogo" time="19.106"/>
  <system-out/>
</testsuite> <!-- testScripts.LoginPageTest -->
