<?xml version="1.0" encoding="UTF-8"?>
<!-- Generated by org.testng.reporters.JUnitReportReporter -->
<testsuite hostname="Dreamrider" failures="0" tests="2" name="testScripts.LoginPageTest" time="59.380" errors="0" timestamp="2024-03-02T18:39:46 IST" skipped="0">
  <testcase classname="testScripts.LoginPageTest" name="verifyLoginbutton" time="41.882"/>
  <system-out/>
  <testcase classname="testScripts.LoginPageTest" name="verifyLogo" time="17.498"/>
  <system-out/>
</testsuite> <!-- testScripts.LoginPageTest -->
