<?xml version="1.0" encoding="UTF-8"?>
<!-- Generated by org.testng.reporters.JUnitReportReporter -->
<testsuite hostname="Dreamrider" failures="0" tests="2" name="testScripts.SelectHotelPageTest" time="66.072" errors="0" timestamp="2024-03-02T18:39:46 IST" skipped="0">
  <testcase classname="testScripts.SelectHotelPageTest" name="verifyContinewButton" time="26.549"/>
  <system-out/>
  <testcase classname="testScripts.SelectHotelPageTest" name="verifyCancelButton" time="39.523"/>
  <system-out/>
</testsuite> <!-- testScripts.SelectHotelPageTest -->
