<?xml version="1.0" encoding="UTF-8"?>
<!-- Generated by org.testng.reporters.JUnitReportReporter -->
<testsuite hostname="Dreamrider" failures="0" tests="2" name="testScripts.SearchHotelPageTest" time="64.128" errors="0" timestamp="2024-03-02T18:39:46 IST" skipped="0">
  <testcase classname="testScripts.SearchHotelPageTest" name="verifyResetButton" time="45.629"/>
  <system-out/>
  <testcase classname="testScripts.SearchHotelPageTest" name="verifySearchButton" time="18.499"/>
  <system-out/>
</testsuite> <!-- testScripts.SearchHotelPageTest -->
