<?xml version="1.0" encoding="UTF-8"?>
<!-- Generated by org.testng.reporters.JUnitReportReporter -->
<testsuite hostname="Dreamrider" failures="0" tests="2" name="testScripts.BookHotelPageTest" time="111.601" errors="0" timestamp="2024-03-02T18:39:46 IST" skipped="0">
  <testcase classname="testScripts.BookHotelPageTest" name="verifyBookNowButton" time="69.571"/>
  <system-out/>
  <testcase classname="testScripts.BookHotelPageTest" name="verifyCancelButton" time="42.030"/>
  <system-out/>
</testsuite> <!-- testScripts.BookHotelPageTest -->
